[0.017s] Invoking command in '/home/codybui/dev_machin/src/build/my_package': CMAKE_PREFIX_PATH=/opt/ros/foxy /usr/bin/cmake /home/codybui/dev_machin/src/my_package -DCMAKE_INSTALL_PREFIX=/home/codybui/dev_machin/src/install/my_package
[0.085s] -- The C compiler identification is GNU 9.4.0
[0.142s] -- The CXX compiler identification is GNU 9.4.0
[0.148s] -- Check for working C compiler: /usr/bin/cc
[0.233s] -- Check for working C compiler: /usr/bin/cc -- works
[0.235s] -- Detecting C compiler ABI info
[0.319s] -- Detecting C compiler ABI info - done
[0.330s] -- Detecting C compile features
[0.330s] -- Detecting C compile features - done
[0.332s] -- Check for working CXX compiler: /usr/bin/c++
[0.420s] -- Check for working CXX compiler: /usr/bin/c++ -- works
[0.422s] -- Detecting CXX compiler ABI info
[0.507s] -- Detecting CXX compiler ABI info - done
[0.521s] -- Detecting CXX compile features
[0.521s] -- Detecting CXX compile features - done
[0.523s] -- Found ament_cmake: 0.9.11 (/opt/ros/foxy/share/ament_cmake/cmake)
[0.544s] -- Found PythonInterp: /usr/bin/python3 (found suitable version "3.8.10", minimum required is "3") 
[0.544s] -- Using PYTHON_EXECUTABLE: /usr/bin/python3
[0.707s] -- Found ament_lint_auto: 0.9.7 (/opt/ros/foxy/share/ament_lint_auto/cmake)
[0.771s] -- Added test 'copyright' to check source files copyright and LICENSE
[0.773s] -- Added test 'flake8' to check Python code syntax and style conventions
[0.773s] -- Added test 'lint_cmake' to check CMake code style
[0.773s] -- Added test 'pep257' to check Python code against some of the style conventions in PEP 257
[0.774s] -- Added test 'xmllint' to check XML markup files
[0.775s] -- Configuring done
[0.777s] -- Generating done
[0.777s] -- Build files have been written to: /home/codybui/dev_machin/src/build/my_package
[0.784s] Invoked command in '/home/codybui/dev_machin/src/build/my_package' returned '0': CMAKE_PREFIX_PATH=/opt/ros/foxy /usr/bin/cmake /home/codybui/dev_machin/src/my_package -DCMAKE_INSTALL_PREFIX=/home/codybui/dev_machin/src/install/my_package
[0.787s] Invoking command in '/home/codybui/dev_machin/src/build/my_package': CMAKE_PREFIX_PATH=/opt/ros/foxy /usr/bin/cmake --build /home/codybui/dev_machin/src/build/my_package -- -j16 -l16
[0.829s] Invoked command in '/home/codybui/dev_machin/src/build/my_package' returned '0': CMAKE_PREFIX_PATH=/opt/ros/foxy /usr/bin/cmake --build /home/codybui/dev_machin/src/build/my_package -- -j16 -l16
[0.871s] Invoking command in '/home/codybui/dev_machin/src/build/my_package': CMAKE_PREFIX_PATH=/opt/ros/foxy /usr/bin/cmake --install /home/codybui/dev_machin/src/build/my_package
[0.882s] -- Install configuration: ""
[0.882s] -- Installing: /home/codybui/dev_machin/src/install/my_package/share/my_package/launch
[0.882s] -- Installing: /home/codybui/dev_machin/src/install/my_package/share/my_package/launch/listener.launch.py
[0.882s] -- Installing: /home/codybui/dev_machin/src/install/my_package/share/my_package/launch/talker.launch.py
[0.882s] -- Installing: /home/codybui/dev_machin/src/install/my_package/share/ament_index/resource_index/package_run_dependencies/my_package
[0.883s] -- Installing: /home/codybui/dev_machin/src/install/my_package/share/ament_index/resource_index/parent_prefix_path/my_package
[0.883s] -- Installing: /home/codybui/dev_machin/src/install/my_package/share/my_package/environment/ament_prefix_path.sh
[0.883s] -- Installing: /home/codybui/dev_machin/src/install/my_package/share/my_package/environment/ament_prefix_path.dsv
[0.883s] -- Installing: /home/codybui/dev_machin/src/install/my_package/share/my_package/environment/path.sh
[0.883s] -- Installing: /home/codybui/dev_machin/src/install/my_package/share/my_package/environment/path.dsv
[0.883s] -- Installing: /home/codybui/dev_machin/src/install/my_package/share/my_package/local_setup.bash
[0.883s] -- Installing: /home/codybui/dev_machin/src/install/my_package/share/my_package/local_setup.sh
[0.884s] -- Installing: /home/codybui/dev_machin/src/install/my_package/share/my_package/local_setup.zsh
[0.884s] -- Installing: /home/codybui/dev_machin/src/install/my_package/share/my_package/local_setup.dsv
[0.884s] -- Installing: /home/codybui/dev_machin/src/install/my_package/share/my_package/package.dsv
[0.884s] -- Installing: /home/codybui/dev_machin/src/install/my_package/share/ament_index/resource_index/packages/my_package
[0.884s] -- Installing: /home/codybui/dev_machin/src/install/my_package/share/my_package/cmake/my_packageConfig.cmake
[0.884s] -- Installing: /home/codybui/dev_machin/src/install/my_package/share/my_package/cmake/my_packageConfig-version.cmake
[0.884s] -- Installing: /home/codybui/dev_machin/src/install/my_package/share/my_package/package.xml
[0.885s] Invoked command in '/home/codybui/dev_machin/src/build/my_package' returned '0': CMAKE_PREFIX_PATH=/opt/ros/foxy /usr/bin/cmake --install /home/codybui/dev_machin/src/build/my_package
